[2026-03-03 21:51:55 UTC] Checked https://www.oregon.gov/energy/Incentives/Pages/home-energy-rebates.aspx#HER1 | Hash: 7d86d6ef0486... | Previous: None...
[2026-03-03 21:51:55 UTC] First run — baseline established. No alert sent.
[2026-03-03 21:54:07 UTC] Checked https://www.oregon.gov/energy/Incentives/Pages/home-energy-rebates.aspx#HER12 | Hash: 14db39d10ea6... | Previous: 7d86d6ef0486...
[2026-03-03 21:54:07 UTC] ALERT: https://www.oregon.gov/energy/Incentives/Pages/home-energy-rebates.aspx#HER12 has changed.
[2026-03-03 21:54:07 UTC] SMS failed: Sorry, ability to send URLs via text is limited to verified accounts. Please go to https://textbelt.com/whitelist?key=1e4cba71c3acba0db91a8560a9f5a094152e3a25IHL8Z2dh8Cwyu7W7Rc93rEXIM or email support@textbelt.com with your use case and we will verify your key ASAP.
[2026-03-03 21:55:55 UTC] Checked https://www.oregon.gov/ | Hash: e3447910fd8e... | Previous: 14db39d10ea6...
[2026-03-03 21:55:55 UTC] ALERT: https://www.oregon.gov/ has changed.
[2026-03-03 21:55:55 UTC] SMS failed: Sorry, ability to send URLs via text is limited to verified accounts. Please go to https://textbelt.com/whitelist?key=1e4cba71c3acba0db91a8560a9f5a094152e3a25IHL8Z2dh8Cwyu7W7Rc93rEXIM or email support@textbelt.com with your use case and we will verify your key ASAP.
[2026-03-03 22:00:28 UTC] Checked https://www.oregon.gov/ | Hash: e3447910fd8e... | Previous: e3447910fd8e...
[2026-03-03 22:00:28 UTC] No change detected.
[2026-03-03 22:07:20 UTC] Checked https://www.oregon.gov/energy/Incentives/Pages/home-energy-rebates.aspx#HER1 | Hash: efac2151ce6c... | Previous: e3447910fd8e...
[2026-03-03 22:07:20 UTC] ALERT: https://www.oregon.gov/energy/Incentives/Pages/home-energy-rebates.aspx#HER1 has changed.
[2026-03-03 22:07:20 UTC] SMS failed: Sorry, ability to send URLs via text is limited to verified accounts. Please go to https://textbelt.com/whitelist?key=1e4cba71c3acba0db91a8560a9f5a094152e3a25IHL8Z2dh8Cwyu7W7Rc93rEXIM or email support@textbelt.com with your use case and we will verify your key ASAP.
[2026-03-03 22:15:08 UTC] Checked https://www.google.com | Hash: d409b3a991ea... | Previous: efac2151ce6c...
[2026-03-03 22:15:08 UTC] ALERT: The webpage you are monitoring has changed.
[2026-03-03 22:15:09 UTC] SMS sent. Remaining quota: 194
[2026-03-03 23:33:08 UTC] Checked https://www.google.com | Hash: 8c7be3de2320... | Previous: d409b3a991ea...
[2026-03-03 23:33:08 UTC] Home Energy Rebate Programs update
[2026-03-03 23:33:09 UTC] SMS sent. Remaining quota: 193
[2026-03-04 10:59:44 UTC] Checked https://www.oregon.gov/energy/Incentives/Pages/home-energy-rebates.aspx#HER1 | Hash: 425282ead951... | Previous: 8c7be3de2320...
[2026-03-04 10:59:44 UTC] Home Energy Rebate Programs update
[2026-03-04 10:59:45 UTC] SMS sent. Remaining quota: 192
[2026-03-05 03:44:37 UTC] Checked https://www.oregon.gov/energy/Incentives/Pages/home-energy-rebates.aspx#HER1 | Hash: db5ba6ef57ab... | Previous: 425282ead951...
[2026-03-05 03:44:37 UTC] Home Energy Rebate Programs update
[2026-03-05 03:44:38 UTC] SMS sent. Remaining quota: 191
[2026-03-05 03:44:38 UTC] Watch text found on first run — baseline established.
[2026-03-05 03:49:18 UTC] Checked https://www.google.com/ | Hash: 2b6f28fb186c... | Previous: db5ba6ef57ab...
[2026-03-05 03:49:18 UTC] Home Energy Rebate Programs update
[2026-03-05 03:49:19 UTC] SMS sent. Remaining quota: 190
[2026-03-05 03:49:19 UTC] Watch text gone missing: 
[2026-03-05 03:49:19 UTC] SMS failed: Missing message parameter. Your request may be malformed.
[2026-03-05 03:51:13 UTC] Checked https://www.google.com/ | Hash: 0655d241f9b0... | Previous: 2b6f28fb186c...
[2026-03-05 03:51:13 UTC] Home Energy Rebate Programs update
[2026-03-05 03:51:14 UTC] SMS sent. Remaining quota: 189
[2026-03-05 03:51:14 UTC] Watch text still missing — already alerted.
[2026-03-05 03:54:58 UTC] Checked https://www.oregon.gov/energy/Incentives/Pages/home-energy-rebates.aspx#HER1 | Hash: ac268ff2d726... | Previous: 0655d241f9b0...
[2026-03-05 03:54:58 UTC] Home Energy Rebate Programs update
[2026-03-05 03:54:59 UTC] SMS sent. Remaining quota: 187
[2026-03-05 03:54:59 UTC] Watch text present — OK.
[2026-03-05 03:56:11 UTC] Checked https://www.google.com/ | Hash: c2fad8a80d7f... | Previous: ac268ff2d726...
[2026-03-05 03:56:11 UTC] Home Energy Rebate Programs update
[2026-03-05 03:56:12 UTC] SMS sent. Remaining quota: 186
[2026-03-05 03:56:12 UTC] Watch text gone missing: Home Energy Rebate alert triggered
[2026-03-05 03:56:12 UTC] SMS sent. Remaining quota: 185
